Arguments: 
  C:\Program Files\nodejs\node.exe C:\Users\Fábio\AppData\Roaming\npm\node_modules\yarn\bin\yarn.js init

PATH: 
  C:\Users\Fábio\bin;C:\Program Files\Git\mingw64\bin;C:\Program Files\Git\usr\local\bin;C:\Program Files\Git\usr\bin;C:\Program Files\Git\usr\bin;C:\Program Files\Git\mingw64\bin;C:\Program Files\Git\usr\bin;C:\Users\Fábio\bin;C:\Python310\Scripts;C:\Python310;C:\Program Files\Common Files\Oracle\Java\javapath;C:\Python39\Scripts;C:\Python39;C:\Program Files (x86)\Common Files\Oracle\Java\javapath;C:\Windows\system32;C:\Windows;C:\Windows\System32\Wbem;C:\Windows\System32\WindowsPowerShell\v1.0;C:\Windows\System32\OpenSSH;C:\ProgramData\chocolatey\bin;C:\xampp\php;C:\ProgramData\ComposerSetup\bin;C:\Program Files\dotnet;C:\Program Files\Azure Data Studio\bin;C:\projetos\platform-tools;C:\Program Files\nodejs;C:\Program Files\Git\cmd;C:\ProgramData\UNIVALI\Portugol Studio;C:\Program Files\Docker\Docker\resources\bin;C:\ProgramData\DockerDesktop\version-bin;C:\Program Files\MySQL\MySQL Shell 8.0\bin;C:\Users\Fábio\AppData\Local\Microsoft\WindowsApps;C:\Users\Fábio\AppData\Local\Programs\Microsoft VS Code\bin;C; \ xampp \ php;C:\Users\Fábio\AppData\Roaming\Composer\vendor\bin;C:\Program Files\dotnet\sdk\5.0.403;C:\Users\Fábio\.dotnet\tools;C:\Windows\System32\wbem;C:\Program Files\MongoDB\Server\5.0\bin;C:\Program Files\JetBrains\IntelliJ IDEA Community Edition 2021.3\bin;C:\Program Files\Azure Data Studio\bin;C:\maven\bin;C:\Users\Fábio\AppData\Roaming\npm;C:\Program Files\heroku\bin;C:\Program Files\Git\usr\bin\vendor_perl;C:\Program Files\Git\usr\bin\core_perl

Yarn version: 
  1.22.17

Node version: 
  16.13.1

Platform: 
  win32 x64

Trace: 
  Error: canceled
      at Interface.<anonymous> (C:\Users\Fábio\AppData\Roaming\npm\node_modules\yarn\lib\cli.js:137143:13)
      at Interface.emit (node:events:390:28)
      at Interface._ttyWrite (node:readline:1081:16)
      at ReadStream.onkeypress (node:readline:288:10)
      at ReadStream.emit (node:events:390:28)
      at emitKeys (node:internal/readline/utils:358:14)
      at emitKeys.next (<anonymous>)
      at ReadStream.onData (node:internal/readline/emitKeypressEvents:61:36)
      at ReadStream.emit (node:events:390:28)
      at addChunk (node:internal/streams/readable:315:12)

npm manifest: 
  No manifest

yarn manifest: 
  No manifest

Lockfile: 
  No lockfile
